<?xml version="1.0" encoding="UTF-8"?>
<testsuite name="demolition.TestExplosion" tests="9" skipped="0" failures="0" errors="0" timestamp="2021-11-01T12:55:49" hostname="DESKTOP-DBK8A4Q" time="12.058">
  <properties/>
  <testcase name="correctTilesLeftBlockage()" classname="demolition.TestExplosion" time="1.368"/>
  <testcase name="correctTilesTopBlockage()" classname="demolition.TestExplosion" time="1.361"/>
  <testcase name="testExplosionDuration()" classname="demolition.TestExplosion" time="1.287"/>
  <testcase name="correctTilesBrokenFullBlockage()" classname="demolition.TestExplosion" time="1.359"/>
  <testcase name="correctTilesFullBlockage()" classname="demolition.TestExplosion" time="1.364"/>
  <testcase name="correctTilesBottomBlockage()" classname="demolition.TestExplosion" time="1.358"/>
  <testcase name="correctTilesNoBlockage()" classname="demolition.TestExplosion" time="1.283"/>
  <testcase name="correctTilesRightBlockage()" classname="demolition.TestExplosion" time="1.377"/>
  <testcase name="notNull()" classname="demolition.TestExplosion" time="1.298"/>
  <system-out><![CDATA[]]></system-out>
  <system-err><![CDATA[]]></system-err>
</testsuite>
