<?xml version="1.0" encoding="UTF-8"?>
<testsuite name="demolition.TestPlayer" tests="17" skipped="0" failures="0" errors="0" timestamp="2021-11-01T08:59:09" hostname="DESKTOP-DBK8A4Q" time="22.691">
  <properties/>
  <testcase name="checkAnimationCycleWithSuccessfulDirectionChangeCaseRight()" classname="demolition.TestPlayer" time="1.329"/>
  <testcase name="checkCollisionWithExplosion()" classname="demolition.TestPlayer" time="1.298"/>
  <testcase name="testPlaceBomb()" classname="demolition.TestPlayer" time="1.336"/>
  <testcase name="checkAnimationCycleWithSuccessfulDirectionChangeCaseLeft()" classname="demolition.TestPlayer" time="1.321"/>
  <testcase name="checkCollisionWithEnemyPositive()" classname="demolition.TestPlayer" time="1.376"/>
  <testcase name="checkCollisionWithEnemyNegative()" classname="demolition.TestPlayer" time="1.327"/>
  <testcase name="checkMoveUpNoObstacles()" classname="demolition.TestPlayer" time="1.33"/>
  <testcase name="checkMoveDownNoObstacles()" classname="demolition.TestPlayer" time="1.338"/>
  <testcase name="moveLeftRightUpDownObstacles()" classname="demolition.TestPlayer" time="1.406"/>
  <testcase name="checkCollisionWithExplosionNegativeNoExplosion()" classname="demolition.TestPlayer" time="1.325"/>
  <testcase name="checkAnimationCycleSameDirection()" classname="demolition.TestPlayer" time="1.316"/>
  <testcase name="checkMoveRightNoObstacles()" classname="demolition.TestPlayer" time="1.342"/>
  <testcase name="checkAnimationCycleNoDirectionMovement()" classname="demolition.TestPlayer" time="1.323"/>
  <testcase name="checkCollisionWithExplosionNegative()" classname="demolition.TestPlayer" time="1.326"/>
  <testcase name="checkAnimationCycleWithSuccessfulDirectionChangeCaseUp()" classname="demolition.TestPlayer" time="1.324"/>
  <testcase name="checkMoveLeftNoObstacles()" classname="demolition.TestPlayer" time="1.327"/>
  <testcase name="notNull()" classname="demolition.TestPlayer" time="1.341"/>
  <system-out><![CDATA[]]></system-out>
  <system-err><![CDATA[]]></system-err>
</testsuite>
