<?xml version="1.0" encoding="UTF-8"?>
<testsuite name="demolition.TestExplosion" tests="9" skipped="0" failures="0" errors="0" timestamp="2021-11-01T08:58:18" hostname="DESKTOP-DBK8A4Q" time="12.168">
  <properties/>
  <testcase name="correctTilesLeftBlockage()" classname="demolition.TestExplosion" time="1.339"/>
  <testcase name="correctTilesTopBlockage()" classname="demolition.TestExplosion" time="1.361"/>
  <testcase name="testExplosionDuration()" classname="demolition.TestExplosion" time="1.34"/>
  <testcase name="correctTilesBrokenFullBlockage()" classname="demolition.TestExplosion" time="1.449"/>
  <testcase name="correctTilesFullBlockage()" classname="demolition.TestExplosion" time="1.411"/>
  <testcase name="correctTilesBottomBlockage()" classname="demolition.TestExplosion" time="1.371"/>
  <testcase name="correctTilesNoBlockage()" classname="demolition.TestExplosion" time="1.272"/>
  <testcase name="correctTilesRightBlockage()" classname="demolition.TestExplosion" time="1.342"/>
  <testcase name="notNull()" classname="demolition.TestExplosion" time="1.28"/>
  <system-out><![CDATA[]]></system-out>
  <system-err><![CDATA[]]></system-err>
</testsuite>
