<?xml version="1.0" encoding="UTF-8"?>
<testsuite name="demolition.TestPlayer" tests="10" skipped="0" failures="0" errors="0" timestamp="2021-10-26T07:07:28" hostname="DESKTOP-DBK8A4Q" time="12.931">
  <properties/>
  <testcase name="checkCollisionWithExplosion()" classname="demolition.TestPlayer" time="1.264"/>
  <testcase name="testPlaceBomb()" classname="demolition.TestPlayer" time="1.297"/>
  <testcase name="checkMoveUpNoObstacles()" classname="demolition.TestPlayer" time="1.288"/>
  <testcase name="checkMoveRightObstacles()" classname="demolition.TestPlayer" time="1.284"/>
  <testcase name="moveLeftRightUpDownObstacles()" classname="demolition.TestPlayer" time="1.349"/>
  <testcase name="checkCollisionWithExplosionNegativeNoExplosion()" classname="demolition.TestPlayer" time="1.304"/>
  <testcase name="checkMoveRightNoObstacles()" classname="demolition.TestPlayer" time="1.292"/>
  <testcase name="checkCollisionWithExplosionNegative()" classname="demolition.TestPlayer" time="1.28"/>
  <testcase name="checkMoveLeftNoObstacles()" classname="demolition.TestPlayer" time="1.282"/>
  <testcase name="notNull()" classname="demolition.TestPlayer" time="1.288"/>
  <system-out><![CDATA[]]></system-out>
  <system-err><![CDATA[]]></system-err>
</testsuite>
