<?xml version="1.0" encoding="UTF-8"?>
<testsuite name="demolition.TestLoader" tests="5" skipped="0" failures="0" errors="0" timestamp="2021-10-25T08:51:07" hostname="DESKTOP-DBK8A4Q" time="12.717">
  <properties/>
  <testcase name="loadSingleLevelCorrectItems1()" classname="demolition.TestLoader" time="2.989"/>
  <testcase name="loadSingleLevelCorrectItems2()" classname="demolition.TestLoader" time="2.411"/>
  <testcase name="loadAllLevelsNoConfigFile()" classname="demolition.TestLoader" time="2.309"/>
  <testcase name="loadAllLevelsCorrectSize()" classname="demolition.TestLoader" time="2.596"/>
  <testcase name="loadSingleLevelNotNull()" classname="demolition.TestLoader" time="2.41"/>
  <system-out><![CDATA[]]></system-out>
  <system-err><![CDATA[]]></system-err>
</testsuite>
