<?xml version="1.0" encoding="UTF-8"?>
<testsuite name="demolition.TestBomb" tests="3" skipped="0" failures="0" errors="0" timestamp="2021-10-31T12:39:28" hostname="DESKTOP-DBK8A4Q" time="3.899">
  <properties/>
  <testcase name="testVanishing()" classname="demolition.TestBomb" time="1.287"/>
  <testcase name="testAnimation()" classname="demolition.TestBomb" time="1.27"/>
  <testcase name="notNull()" classname="demolition.TestBomb" time="1.34"/>
  <system-out><![CDATA[]]></system-out>
  <system-err><![CDATA[]]></system-err>
</testsuite>
