<?xml version="1.0" encoding="UTF-8"?>
<testsuite name="demolition.TestEnemyRed" tests="9" skipped="0" failures="0" errors="0" timestamp="2021-11-01T12:24:14" hostname="DESKTOP-DBK8A4Q" time="11.676">
  <properties/>
  <testcase name="checkCollisionWithExplosion()" classname="demolition.TestEnemyRed" time="1.275"/>
  <testcase name="checkStuck()" classname="demolition.TestEnemyRed" time="1.314"/>
  <testcase name="checkMoveDownNoObstacles()" classname="demolition.TestEnemyRed" time="1.271"/>
  <testcase name="checkWalkThroughRemovedWall()" classname="demolition.TestEnemyRed" time="1.347"/>
  <testcase name="checkMoveDownWithObstaclesAllSidesForceRight()" classname="demolition.TestEnemyRed" time="1.268"/>
  <testcase name="checkCollisionWithExpiredExplosion()" classname="demolition.TestEnemyRed" time="1.362"/>
  <testcase name="checkMoveDownWithObstacles()" classname="demolition.TestEnemyRed" time="1.281"/>
  <testcase name="checkMoveDownWithObstaclesAllSidesForceLeft()" classname="demolition.TestEnemyRed" time="1.274"/>
  <testcase name="notNull()" classname="demolition.TestEnemyRed" time="1.282"/>
  <system-out><![CDATA[]]></system-out>
  <system-err><![CDATA[]]></system-err>
</testsuite>
