<?xml version="1.0" encoding="UTF-8"?>
<testsuite name="demolition.TestApp" tests="4" skipped="0" failures="0" errors="0" timestamp="2021-11-01T12:36:45" hostname="DESKTOP-DBK8A4Q" time="5.293">
  <properties/>
  <testcase name="testMovePlayerKeyRelease()" classname="demolition.TestApp" time="1.652"/>
  <testcase name="testMovePlayerInputCollisionWithObstacle()" classname="demolition.TestApp" time="1.214"/>
  <testcase name="testPlayerPlaceBombUsingSpace()" classname="demolition.TestApp" time="1.222"/>
  <testcase name="testMovePlayer()" classname="demolition.TestApp" time="1.203"/>
  <system-out><![CDATA[]]></system-out>
  <system-err><![CDATA[]]></system-err>
</testsuite>
