<?xml version="1.0" encoding="UTF-8"?>
<testsuite name="demolition.TestApp" tests="4" skipped="0" failures="0" errors="0" timestamp="2021-11-01T13:17:37" hostname="DESKTOP-DBK8A4Q" time="5.381">
  <properties/>
  <testcase name="testMovePlayerKeyRelease()" classname="demolition.TestApp" time="1.71"/>
  <testcase name="testMovePlayerInputCollisionWithObstacle()" classname="demolition.TestApp" time="1.248"/>
  <testcase name="testPlayerPlaceBombUsingSpace()" classname="demolition.TestApp" time="1.234"/>
  <testcase name="testMovePlayer()" classname="demolition.TestApp" time="1.188"/>
  <system-out><![CDATA[]]></system-out>
  <system-err><![CDATA[]]></system-err>
</testsuite>
