<?xml version="1.0" encoding="UTF-8"?>
<testsuite name="demolition.TestBomb" tests="3" skipped="0" failures="0" errors="0" timestamp="2021-10-30T07:50:13" hostname="DESKTOP-DBK8A4Q" time="4.155">
  <properties/>
  <testcase name="testVanishing()" classname="demolition.TestBomb" time="1.364"/>
  <testcase name="testAnimation()" classname="demolition.TestBomb" time="1.403"/>
  <testcase name="notNull()" classname="demolition.TestBomb" time="1.388"/>
  <system-out><![CDATA[]]></system-out>
  <system-err><![CDATA[]]></system-err>
</testsuite>
