<?xml version="1.0" encoding="UTF-8"?>
<testsuite name="demolition.TestPlayer" tests="17" skipped="0" failures="0" errors="0" timestamp="2021-11-01T12:25:24" hostname="DESKTOP-DBK8A4Q" time="22.98">
  <properties/>
  <testcase name="checkAnimationCycleWithSuccessfulDirectionChangeCaseRight()" classname="demolition.TestPlayer" time="1.347"/>
  <testcase name="checkCollisionWithExplosion()" classname="demolition.TestPlayer" time="1.371"/>
  <testcase name="testPlaceBomb()" classname="demolition.TestPlayer" time="1.378"/>
  <testcase name="checkAnimationCycleWithSuccessfulDirectionChangeCaseLeft()" classname="demolition.TestPlayer" time="1.326"/>
  <testcase name="checkCollisionWithEnemyPositive()" classname="demolition.TestPlayer" time="1.331"/>
  <testcase name="checkCollisionWithEnemyNegative()" classname="demolition.TestPlayer" time="1.343"/>
  <testcase name="checkMoveUpNoObstacles()" classname="demolition.TestPlayer" time="1.331"/>
  <testcase name="checkMoveDownNoObstacles()" classname="demolition.TestPlayer" time="1.335"/>
  <testcase name="moveLeftRightUpDownObstacles()" classname="demolition.TestPlayer" time="1.429"/>
  <testcase name="checkCollisionWithExplosionNegativeNoExplosion()" classname="demolition.TestPlayer" time="1.325"/>
  <testcase name="checkAnimationCycleSameDirection()" classname="demolition.TestPlayer" time="1.323"/>
  <testcase name="checkMoveRightNoObstacles()" classname="demolition.TestPlayer" time="1.34"/>
  <testcase name="checkAnimationCycleNoDirectionMovement()" classname="demolition.TestPlayer" time="1.328"/>
  <testcase name="checkCollisionWithExplosionNegative()" classname="demolition.TestPlayer" time="1.409"/>
  <testcase name="checkAnimationCycleWithSuccessfulDirectionChangeCaseUp()" classname="demolition.TestPlayer" time="1.34"/>
  <testcase name="checkMoveLeftNoObstacles()" classname="demolition.TestPlayer" time="1.346"/>
  <testcase name="notNull()" classname="demolition.TestPlayer" time="1.376"/>
  <system-out><![CDATA[]]></system-out>
  <system-err><![CDATA[]]></system-err>
</testsuite>
