<?xml version="1.0" encoding="UTF-8"?>
<testsuite name="demolition.TestPlayer" tests="1" skipped="0" failures="0" errors="0" timestamp="2021-10-25T08:51:20" hostname="DESKTOP-DBK8A4Q" time="2.596">
  <properties/>
  <testcase name="checkPlayerMovement()" classname="demolition.TestPlayer" time="2.596"/>
  <system-out><![CDATA[demolition.Bomb@6b4125ed
demolition.Bomb@69cd7630
]]></system-out>
  <system-err><![CDATA[]]></system-err>
</testsuite>
