<?xml version="1.0" encoding="UTF-8"?>
<testsuite name="demolition.TestGameObject" tests="1" skipped="0" failures="0" errors="0" timestamp="2021-10-26T07:49:41" hostname="DESKTOP-DBK8A4Q" time="1.72">
  <properties/>
  <testcase name="objectNotNull()" classname="demolition.TestGameObject" time="1.72"/>
  <system-out><![CDATA[]]></system-out>
  <system-err><![CDATA[]]></system-err>
</testsuite>
