<?xml version="1.0" encoding="UTF-8"?>
<testsuite name="demolition.TestGameManager" tests="12" skipped="0" failures="0" errors="0" timestamp="2021-11-01T12:37:23" hostname="DESKTOP-DBK8A4Q" time="16.497">
  <properties/>
  <testcase name="testPlayerWalkingIntoGoalHittingExplosion()" classname="demolition.TestGameManager" time="1.349"/>
  <testcase name="testRestartAfterTouchingExplosion()" classname="demolition.TestGameManager" time="1.352"/>
  <testcase name="testGameTimerCorrectTime()" classname="demolition.TestGameManager" time="1.371"/>
  <testcase name="testStepOnEnemyResetLevel()" classname="demolition.TestGameManager" time="1.35"/>
  <testcase name="testTileBrokenRestoredAfterReset()" classname="demolition.TestGameManager" time="1.363"/>
  <testcase name="testStepGoalTile()" classname="demolition.TestGameManager" time="1.356"/>
  <testcase name="testGameOverOutOfLives()" classname="demolition.TestGameManager" time="1.356"/>
  <testcase name="testStepFinalGoalTile()" classname="demolition.TestGameManager" time="1.367"/>
  <testcase name="testTileBrokenAfterExplosion()" classname="demolition.TestGameManager" time="1.369"/>
  <testcase name="testPlayerWalkingIntoGoalHittingEnemy()" classname="demolition.TestGameManager" time="1.397"/>
  <testcase name="testGameOverOutOfTime()" classname="demolition.TestGameManager" time="1.485"/>
  <testcase name="notNull()" classname="demolition.TestGameManager" time="1.378"/>
  <system-out><![CDATA[]]></system-out>
  <system-err><![CDATA[]]></system-err>
</testsuite>
