<?xml version="1.0" encoding="UTF-8"?>
<testsuite name="demolition.TestApp" tests="4" skipped="0" failures="0" errors="0" timestamp="2021-11-01T12:24:03" hostname="DESKTOP-DBK8A4Q" time="5.477">
  <properties/>
  <testcase name="testMovePlayerKeyRelease()" classname="demolition.TestApp" time="1.692"/>
  <testcase name="testMovePlayerInputCollisionWithObstacle()" classname="demolition.TestApp" time="1.312"/>
  <testcase name="testPlayerPlaceBombUsingSpace()" classname="demolition.TestApp" time="1.253"/>
  <testcase name="testMovePlayer()" classname="demolition.TestApp" time="1.218"/>
  <system-out><![CDATA[]]></system-out>
  <system-err><![CDATA[]]></system-err>
</testsuite>
