<?xml version="1.0" encoding="UTF-8"?>
<testsuite name="demolition.TestEnemyYellowStrategy" tests="2" skipped="0" failures="0" errors="0" timestamp="2021-11-01T12:55:46" hostname="DESKTOP-DBK8A4Q" time="2.618">
  <properties/>
  <testcase name="checkMoveRightWithObstacles()" classname="demolition.TestEnemyYellowStrategy" time="1.284"/>
  <testcase name="checkMoveDownWithObstacles()" classname="demolition.TestEnemyYellowStrategy" time="1.333"/>
  <system-out><![CDATA[]]></system-out>
  <system-err><![CDATA[]]></system-err>
</testsuite>
