<?xml version="1.0" encoding="UTF-8"?>
<testsuite name="demolition.TestApp" tests="4" skipped="0" failures="0" errors="0" timestamp="2021-11-01T12:55:23" hostname="DESKTOP-DBK8A4Q" time="5.335">
  <properties/>
  <testcase name="testMovePlayerKeyRelease()" classname="demolition.TestApp" time="1.708"/>
  <testcase name="testMovePlayerInputCollisionWithObstacle()" classname="demolition.TestApp" time="1.21"/>
  <testcase name="testPlayerPlaceBombUsingSpace()" classname="demolition.TestApp" time="1.235"/>
  <testcase name="testMovePlayer()" classname="demolition.TestApp" time="1.18"/>
  <system-out><![CDATA[]]></system-out>
  <system-err><![CDATA[]]></system-err>
</testsuite>
