<?xml version="1.0" encoding="UTF-8"?>
<testsuite name="demolition.TestLoader" tests="5" skipped="0" failures="0" errors="0" timestamp="2021-10-25T11:57:32" hostname="DESKTOP-DBK8A4Q" time="6.386">
  <properties/>
  <testcase name="loadSingleLevelCorrectItems1()" classname="demolition.TestLoader" time="1.295"/>
  <testcase name="loadSingleLevelCorrectItems2()" classname="demolition.TestLoader" time="1.258"/>
  <testcase name="loadAllLevelsNoConfigFile()" classname="demolition.TestLoader" time="1.203"/>
  <testcase name="loadAllLevelsCorrectSize()" classname="demolition.TestLoader" time="1.355"/>
  <testcase name="loadSingleLevelNotNull()" classname="demolition.TestLoader" time="1.274"/>
  <system-out><![CDATA[]]></system-out>
  <system-err><![CDATA[]]></system-err>
</testsuite>
