<?xml version="1.0" encoding="UTF-8"?>
<testsuite name="demolition.TestBomb" tests="4" skipped="0" failures="0" errors="0" timestamp="2021-11-01T13:17:42" hostname="DESKTOP-DBK8A4Q" time="5.689">
  <properties/>
  <testcase name="testVanishedBomb()" classname="demolition.TestBomb" time="1.266"/>
  <testcase name="testVanishing()" classname="demolition.TestBomb" time="1.27"/>
  <testcase name="testAnimation()" classname="demolition.TestBomb" time="1.871"/>
  <testcase name="notNull()" classname="demolition.TestBomb" time="1.281"/>
  <system-out><![CDATA[]]></system-out>
  <system-err><![CDATA[]]></system-err>
</testsuite>
