<?xml version="1.0" encoding="UTF-8"?>
<testsuite name="demolition.TestLevel" tests="8" skipped="0" failures="0" errors="0" timestamp="2021-11-01T02:29:41" hostname="DESKTOP-DBK8A4Q" time="10.321">
  <properties/>
  <testcase name="testObjectStatusAfterReset()" classname="demolition.TestLevel" time="1.268"/>
  <testcase name="testGettingSolidWalls()" classname="demolition.TestLevel" time="1.282"/>
  <testcase name="testGettingBrokenWalls()" classname="demolition.TestLevel" time="1.272"/>
  <testcase name="testExplosionsAndBombsRemovedOnReset()" classname="demolition.TestLevel" time="1.286"/>
  <testcase name="testRemoveAllGameObjects()" classname="demolition.TestLevel" time="1.281"/>
  <testcase name="testGettingEmptyTiles()" classname="demolition.TestLevel" time="1.289"/>
  <testcase name="testGettingAll()" classname="demolition.TestLevel" time="1.27"/>
  <testcase name="notNull()" classname="demolition.TestLevel" time="1.371"/>
  <system-out><![CDATA[]]></system-out>
  <system-err><![CDATA[]]></system-err>
</testsuite>
