<?xml version="1.0" encoding="UTF-8"?>
<testsuite name="demolition.TestDirection" tests="2" skipped="0" failures="0" errors="0" timestamp="2021-11-01T13:17:48" hostname="DESKTOP-DBK8A4Q" time="0.001">
  <properties/>
  <testcase name="checkRandomDirection()" classname="demolition.TestDirection" time="0.0"/>
  <testcase name="checkCyclingDirectionClockwise()" classname="demolition.TestDirection" time="0.001"/>
  <system-out><![CDATA[]]></system-out>
  <system-err><![CDATA[]]></system-err>
</testsuite>
