<?xml version="1.0" encoding="UTF-8"?>
<testsuite name="demolition.TestEnemyRed" tests="6" skipped="0" failures="0" errors="0" timestamp="2021-10-26T11:49:59" hostname="DESKTOP-DBK8A4Q" time="12.698">
  <properties/>
  <testcase name="checkCollisionWithExplosion()" classname="demolition.TestEnemyRed" time="2.084"/>
  <testcase name="checkMoveDownNoObstacles()" classname="demolition.TestEnemyRed" time="3.585"/>
  <testcase name="checkAutoMoveDown()" classname="demolition.TestEnemyRed" time="2.13"/>
  <testcase name="checkMoveDownWithObstacles()" classname="demolition.TestEnemyRed" time="1.642"/>
  <testcase name="checkMoveDownWithObstaclesAllSides()" classname="demolition.TestEnemyRed" time="1.631"/>
  <testcase name="notNull()" classname="demolition.TestEnemyRed" time="1.624"/>
  <system-out><![CDATA[]]></system-out>
  <system-err><![CDATA[]]></system-err>
</testsuite>
