<?xml version="1.0" encoding="UTF-8"?>
<testsuite name="demolition.TestExplosion" tests="9" skipped="0" failures="0" errors="0" timestamp="2021-11-01T12:37:11" hostname="DESKTOP-DBK8A4Q" time="11.973">
  <properties/>
  <testcase name="correctTilesLeftBlockage()" classname="demolition.TestExplosion" time="1.357"/>
  <testcase name="correctTilesTopBlockage()" classname="demolition.TestExplosion" time="1.351"/>
  <testcase name="testExplosionDuration()" classname="demolition.TestExplosion" time="1.286"/>
  <testcase name="correctTilesBrokenFullBlockage()" classname="demolition.TestExplosion" time="1.34"/>
  <testcase name="correctTilesFullBlockage()" classname="demolition.TestExplosion" time="1.349"/>
  <testcase name="correctTilesBottomBlockage()" classname="demolition.TestExplosion" time="1.345"/>
  <testcase name="correctTilesNoBlockage()" classname="demolition.TestExplosion" time="1.282"/>
  <testcase name="correctTilesRightBlockage()" classname="demolition.TestExplosion" time="1.369"/>
  <testcase name="notNull()" classname="demolition.TestExplosion" time="1.29"/>
  <system-out><![CDATA[]]></system-out>
  <system-err><![CDATA[]]></system-err>
</testsuite>
