<?xml version="1.0" encoding="UTF-8"?>
<testsuite name="demolition.TestSpriteFactory" tests="6" skipped="0" failures="0" errors="0" timestamp="2021-11-01T13:19:22" hostname="DESKTOP-DBK8A4Q" time="7.904">
  <properties/>
  <testcase name="notNullBomb()" classname="demolition.TestSpriteFactory" time="1.3"/>
  <testcase name="notNullTile()" classname="demolition.TestSpriteFactory" time="1.285"/>
  <testcase name="notNullExplosions()" classname="demolition.TestSpriteFactory" time="1.406"/>
  <testcase name="notNullPlayer()" classname="demolition.TestSpriteFactory" time="1.311"/>
  <testcase name="notNullEnemy()" classname="demolition.TestSpriteFactory" time="1.303"/>
  <testcase name="notNullWalls()" classname="demolition.TestSpriteFactory" time="1.297"/>
  <system-out><![CDATA[]]></system-out>
  <system-err><![CDATA[]]></system-err>
</testsuite>
