<?xml version="1.0" encoding="UTF-8"?>
<testsuite name="demolition.TestPlayer" tests="17" skipped="0" failures="0" errors="0" timestamp="2021-11-01T12:38:06" hostname="DESKTOP-DBK8A4Q" time="22.822">
  <properties/>
  <testcase name="checkAnimationCycleWithSuccessfulDirectionChangeCaseRight()" classname="demolition.TestPlayer" time="1.351"/>
  <testcase name="checkCollisionWithExplosion()" classname="demolition.TestPlayer" time="1.317"/>
  <testcase name="testPlaceBomb()" classname="demolition.TestPlayer" time="1.335"/>
  <testcase name="checkAnimationCycleWithSuccessfulDirectionChangeCaseLeft()" classname="demolition.TestPlayer" time="1.336"/>
  <testcase name="checkCollisionWithEnemyPositive()" classname="demolition.TestPlayer" time="1.33"/>
  <testcase name="checkCollisionWithEnemyNegative()" classname="demolition.TestPlayer" time="1.332"/>
  <testcase name="checkMoveUpNoObstacles()" classname="demolition.TestPlayer" time="1.335"/>
  <testcase name="checkMoveDownNoObstacles()" classname="demolition.TestPlayer" time="1.328"/>
  <testcase name="moveLeftRightUpDownObstacles()" classname="demolition.TestPlayer" time="1.423"/>
  <testcase name="checkCollisionWithExplosionNegativeNoExplosion()" classname="demolition.TestPlayer" time="1.34"/>
  <testcase name="checkAnimationCycleSameDirection()" classname="demolition.TestPlayer" time="1.325"/>
  <testcase name="checkMoveRightNoObstacles()" classname="demolition.TestPlayer" time="1.387"/>
  <testcase name="checkAnimationCycleNoDirectionMovement()" classname="demolition.TestPlayer" time="1.338"/>
  <testcase name="checkCollisionWithExplosionNegative()" classname="demolition.TestPlayer" time="1.328"/>
  <testcase name="checkAnimationCycleWithSuccessfulDirectionChangeCaseUp()" classname="demolition.TestPlayer" time="1.343"/>
  <testcase name="checkMoveLeftNoObstacles()" classname="demolition.TestPlayer" time="1.335"/>
  <testcase name="notNull()" classname="demolition.TestPlayer" time="1.335"/>
  <system-out><![CDATA[]]></system-out>
  <system-err><![CDATA[]]></system-err>
</testsuite>
