<?xml version="1.0" encoding="UTF-8"?>
<testsuite name="demolition.TestAnimation" tests="2" skipped="0" failures="0" errors="0" timestamp="2021-11-01T02:28:57" hostname="DESKTOP-DBK8A4Q" time="0.031">
  <properties/>
  <testcase name="gettingInvalidAnimationFrame()" classname="demolition.TestAnimation" time="0.029"/>
  <testcase name="notNull()" classname="demolition.TestAnimation" time="0.002"/>
  <system-out><![CDATA[]]></system-out>
  <system-err><![CDATA[]]></system-err>
</testsuite>
