<?xml version="1.0" encoding="UTF-8"?>
<testsuite name="demolition.TestBomb" tests="4" skipped="0" failures="0" errors="0" timestamp="2021-11-01T12:55:29" hostname="DESKTOP-DBK8A4Q" time="5.742">
  <properties/>
  <testcase name="testVanishedBomb()" classname="demolition.TestBomb" time="1.28"/>
  <testcase name="testVanishing()" classname="demolition.TestBomb" time="1.293"/>
  <testcase name="testAnimation()" classname="demolition.TestBomb" time="1.877"/>
  <testcase name="notNull()" classname="demolition.TestBomb" time="1.291"/>
  <system-out><![CDATA[]]></system-out>
  <system-err><![CDATA[]]></system-err>
</testsuite>
