<?xml version="1.0" encoding="UTF-8"?>
<testsuite name="demolition.TestLoader" tests="5" skipped="0" failures="0" errors="0" timestamp="2021-10-26T07:07:22" hostname="DESKTOP-DBK8A4Q" time="6.523">
  <properties/>
  <testcase name="loadSingleLevelCorrectItems1()" classname="demolition.TestLoader" time="1.34"/>
  <testcase name="loadSingleLevelCorrectItems2()" classname="demolition.TestLoader" time="1.301"/>
  <testcase name="loadAllLevelsNoConfigFile()" classname="demolition.TestLoader" time="1.236"/>
  <testcase name="loadAllLevelsCorrectSize()" classname="demolition.TestLoader" time="1.358"/>
  <testcase name="loadSingleLevelNotNull()" classname="demolition.TestLoader" time="1.288"/>
  <system-out><![CDATA[]]></system-out>
  <system-err><![CDATA[]]></system-err>
</testsuite>
