<?xml version="1.0" encoding="UTF-8"?>
<testsuite name="demolition.TestLoader" tests="4" skipped="0" failures="0" errors="0" timestamp="2021-10-19T11:56:07" hostname="DESKTOP-DBK8A4Q" time="1.866">
  <properties/>
  <testcase name="checkFrameRate()" classname="demolition.TestLoader" time="0.026"/>
  <testcase name="basicTest()" classname="demolition.TestLoader" time="1.805"/>
  <testcase name="simpleTest()" classname="demolition.TestLoader" time="0.0"/>
  <testcase name="testLoadingFile()" classname="demolition.TestLoader" time="0.032"/>
  <system-out><![CDATA[demolition.Bomb@10850d17
]]></system-out>
  <system-err><![CDATA[]]></system-err>
</testsuite>
