<?xml version="1.0" encoding="UTF-8"?>
<testsuite name="demolition.TestEnemyRed" tests="7" skipped="0" failures="0" errors="0" timestamp="2021-10-29T10:33:49" hostname="DESKTOP-DBK8A4Q" time="9.675">
  <properties/>
  <testcase name="checkCollisionWithExplosion()" classname="demolition.TestEnemyRed" time="1.836"/>
  <testcase name="checkStuck()" classname="demolition.TestEnemyRed" time="1.312"/>
  <testcase name="checkMoveDownNoObstacles()" classname="demolition.TestEnemyRed" time="1.279"/>
  <testcase name="checkAutoMoveDown()" classname="demolition.TestEnemyRed" time="1.326"/>
  <testcase name="checkMoveDownWithObstacles()" classname="demolition.TestEnemyRed" time="1.281"/>
  <testcase name="checkMoveDownWithObstaclesAllSides()" classname="demolition.TestEnemyRed" time="1.347"/>
  <testcase name="notNull()" classname="demolition.TestEnemyRed" time="1.29"/>
  <system-out><![CDATA[]]></system-out>
  <system-err><![CDATA[]]></system-err>
</testsuite>
