<?xml version="1.0" encoding="UTF-8"?>
<testsuite name="demolition.TestLoader" tests="12" skipped="0" failures="0" errors="0" timestamp="2021-11-01T02:29:52" hostname="DESKTOP-DBK8A4Q" time="14.961">
  <properties/>
  <testcase name="loadSingleLevelCorrectItems1()" classname="demolition.TestLoader" time="1.285"/>
  <testcase name="loadSingleLevelCorrectItems2()" classname="demolition.TestLoader" time="1.276"/>
  <testcase name="loadInvalidLevelNoPlayer()" classname="demolition.TestLoader" time="1.208"/>
  <testcase name="loadInvalidLevelInvalidHeight()" classname="demolition.TestLoader" time="1.208"/>
  <testcase name="loadInvalidLevelNoGoal()" classname="demolition.TestLoader" time="1.202"/>
  <testcase name="loadAllLevelsNoConfigFile()" classname="demolition.TestLoader" time="1.212"/>
  <testcase name="loadInvalidLevelInvalidTile()" classname="demolition.TestLoader" time="1.221"/>
  <testcase name="loadInvalidLevelTwoGoals()" classname="demolition.TestLoader" time="1.213"/>
  <testcase name="loadAllLevelsCorrectSize()" classname="demolition.TestLoader" time="1.408"/>
  <testcase name="loadInvalidLevelDoesNotExist()" classname="demolition.TestLoader" time="1.213"/>
  <testcase name="loadInvalidLevelTwoStartingLocations()" classname="demolition.TestLoader" time="1.214"/>
  <testcase name="loadSingleLevelNotNull()" classname="demolition.TestLoader" time="1.296"/>
  <system-out><![CDATA[]]></system-out>
  <system-err><![CDATA[]]></system-err>
</testsuite>
